<?xml version="1.0" encoding="UTF-8"?>
<testsuite name="SILab2Test" tests="1" skipped="0" failures="0" errors="0" timestamp="2024-05-18T18:19:14" hostname="DESKTOP-LVB77HD" time="0.02">
  <properties/>
  <testcase name="everyBranchTest()" classname="SILab2Test" time="0.02"/>
  <system-out><![CDATA[]]></system-out>
  <system-err><![CDATA[]]></system-err>
</testsuite>
